<?xml version="1.0" encoding="UTF-8"?>
<testsuite xmlns:xsi="http://www.w3.org/2001/XMLSchema-instance" xsi:noNamespaceSchemaLocation="https://maven.apache.org/surefire/maven-surefire-plugin/xsd/surefire-test-report-3.0.xsd" version="3.0" name="org.hmis.CocheTest" time="0.528" tests="9" errors="0" skipped="0" failures="0">
  <properties>
[...]
</properties>
  <testcase name="testToString(Coche)[1]" classname="org.hmis.CocheTest" time="0.112"/>
  <testcase name="testToString(Coche)[2]" classname="org.hmis.CocheTest" time="0"/>
  <testcase name="testToString(Coche)[3]" classname="org.hmis.CocheTest" time="0.008"/>
  <testcase name="testToString(Coche)[4]" classname="org.hmis.CocheTest" time="0"/>
  <testcase name="testGetters(String, String, String, String)[1]" classname="org.hmis.CocheTest" time="0"/>
  <testcase name="testEquals(Coche)[1]" classname="org.hmis.CocheTest" time="0.008"/>
  <testcase name="testEquals(Coche)[2]" classname="org.hmis.CocheTest" time="0"/>
  <testcase name="testEquals(Coche)[3]" classname="org.hmis.CocheTest" time="0"/>
  <testcase name="testEquals(Coche)[4]" classname="org.hmis.CocheTest" time="0"/>
</testsuite>